<?xml version="1.0" encoding="UTF-8"?>
<testsuite name="com.zerobase.convpay.service.ConveniencePayServiceTest" tests="4" skipped="0" failures="0" errors="0" timestamp="2022-09-12T12:21:02" hostname="DESKTOP-CN75GIL" time="0.069">
  <properties/>
  <testcase name="pay_success()" classname="com.zerobase.convpay.service.ConveniencePayServiceTest" time="0.045"/>
  <testcase name="pay_cancel_fail()" classname="com.zerobase.convpay.service.ConveniencePayServiceTest" time="0.009"/>
  <testcase name="pay_cancel_success()" classname="com.zerobase.convpay.service.ConveniencePayServiceTest" time="0.007"/>
  <testcase name="pay_fail()" classname="com.zerobase.convpay.service.ConveniencePayServiceTest" time="0.002"/>
  <system-out><![CDATA[MoneyAdapter.use : 35
MoneyAdapter.use : 99
MoneyAdapter.use : 1000
MoneyAdapter.use : 1050000
]]></system-out>
  <system-err><![CDATA[]]></system-err>
</testsuite>
