<?xml version="1.0" encoding="UTF-8"?>
<testsuite name="com.zerobase.convpay.service.CardAdapterTest" tests="1" skipped="0" failures="0" errors="0" timestamp="2022-09-12T01:19:23" hostname="DESKTOP-CN75GIL" time="0.029">
  <properties/>
  <testcase name="cancelCapture_fail()" classname="com.zerobase.convpay.service.CardAdapterTest" time="0.029"/>
  <system-out><![CDATA[]]></system-out>
  <system-err><![CDATA[]]></system-err>
</testsuite>
